profile/build/outputs/logs/manifest-merger-debug-report.txt
-- Merging decision tree log ---
action#com.distribution.christian.cleantest.debug.ACTION_CART
INJECTED from src/main/AndroidManifest.xml:9:13-53
	android:name
		INJECTED from src/main/AndroidManifest.xml
		ADDED from src/main/AndroidManifest.xml:9:21-50
manifest
ADDED from src/main/AndroidManifest.xml:2:1-15:12
INJECTED from src/main/AndroidManifest.xml:2:1-15:12
INJECTED from src/main/AndroidManifest.xml:2:1-15:12
INJECTED from src/main/AndroidManifest.xml:2:1-15:12
INJECTED from src/main/AndroidManifest.xml:2:1-15:12
INJECTED from src/main/AndroidManifest.xml:2:1-15:12
INJECTED from src/main/AndroidManifest.xml:2:1-15:12
	package
		ADDED from src/main/AndroidManifest.xml:2:11-65
		INJECTED from src/main/AndroidManifest.xml
		INJECTED from src/main/AndroidManifest.xml
	android:versionName
		INJECTED from src/main/AndroidManifest.xml
		ADDED from src/main/AndroidManifest.xml:2:1-15:12
		INJECTED from src/main/AndroidManifest.xml
	android:versionCode
		INJECTED from src/main/AndroidManifest.xml
		ADDED from src/main/AndroidManifest.xml:2:1-15:12
		INJECTED from src/main/AndroidManifest.xml
	xmlns:android
		ADDED from src/main/AndroidManifest.xml:3:4-62
application
ADDED from src/main/AndroidManifest.xml:5:4-13:18
activity#com.distribution.christian.cleantest.profile.core.ui.ProfileActivity
ADDED from src/main/AndroidManifest.xml:7:7-12:18
	android:name
		ADDED from src/main/AndroidManifest.xml:7:17-100
intent-filter#action:name:com.distribution.christian.cleantest.debug.ACTION_CART+category:name:android.intent.category.DEFAULT
ADDED from src/main/AndroidManifest.xml:8:10-11:26
category#android.intent.category.DEFAULT
ADDED from src/main/AndroidManifest.xml:10:13-72
	android:name
		ADDED from src/main/AndroidManifest.xml:10:23-69
uses-sdk
INJECTED from src/main/AndroidManifest.xml reason: use-sdk injection requested
INJECTED from src/main/AndroidManifest.xml
INJECTED from src/main/AndroidManifest.xml
INJECTED from src/main/AndroidManifest.xml
INJECTED from src/main/AndroidManifest.xml
	android:targetSdkVersion
		INJECTED from src/main/AndroidManifest.xml
		ADDED from src/main/AndroidManifest.xml
		INJECTED from src/main/AndroidManifest.xml
	android:minSdkVersion
		INJECTED from src/main/AndroidManifest.xml
		ADDED from src/main/AndroidManifest.xml
		INJECTED from src/main/AndroidManifest.xml